<?xml version="1.0" encoding="UTF-8"?>
<!-- Generated by org.testng.reporters.JUnitXMLReporter -->
<testsuite ignored="0" hostname="DESKTOP-1LV8K5I" failures="1" tests="1" name="Test" time="41.078" errors="0" timestamp="2021-03-18T17:54:17 IST">
  <testcase classname="com.practo.tests.TestHomePage" name="TC_FH_004" time="40.927">
    <failure type="java.lang.AssertionError" message="expected [true] but found [false]">
      <![CDATA[java.lang.AssertionError: expected [true] but found [false]
at com.practo.tests.TestHomePage.TC_FH_004(TestHomePage.java:121)
at java.base/java.util.ArrayList.forEach(ArrayList.java:1511)
... Removed 33 stack frames]]>
    </failure>
  </testcase> <!-- TC_FH_004 -->
</testsuite> <!-- Test -->
