<?xml version="1.0" encoding="UTF-8"?>
<testng-results ignored="0" total="1" passed="1" failed="0" skipped="0">
  <reporter-output>
  </reporter-output>
  <suite started-at="2021-03-17T17:57:19 IST" name="Suite" finished-at="2021-03-17T17:57:22 IST" duration-ms="2742">
    <groups>
    </groups>
    <test started-at="2021-03-17T17:57:19 IST" name="Test" finished-at="2021-03-17T17:57:22 IST" duration-ms="2742">
      <class name="com.practo.tests.TestHomePage">
        <test-method is-config="true" signature="getDriver()[pri:0, instance:com.practo.tests.TestHomePage@68e965f5]" started-at="2021-03-17T17:57:00 IST" name="getDriver" finished-at="2021-03-17T17:57:19 IST" duration-ms="19259" status="PASS">
          <reporter-output>
          </reporter-output>
        </test-method> <!-- getDriver -->
        <test-method signature="demo()[pri:0, instance:com.practo.tests.TestHomePage@68e965f5]" started-at="2021-03-17T17:57:19 IST" name="demo" finished-at="2021-03-17T17:57:22 IST" duration-ms="2620" status="PASS">
          <reporter-output>
          </reporter-output>
        </test-method> <!-- demo -->
        <test-method is-config="true" signature="quitDriver()[pri:0, instance:com.practo.tests.TestHomePage@68e965f5]" started-at="2021-03-17T17:57:22 IST" name="quitDriver" finished-at="2021-03-17T17:57:22 IST" duration-ms="3" status="PASS">
          <reporter-output>
          </reporter-output>
        </test-method> <!-- quitDriver -->
      </class> <!-- com.practo.tests.TestHomePage -->
    </test> <!-- Test -->
  </suite> <!-- Suite -->
</testng-results>
